2025-04-22 10:13:40,763 - INFO - Starting extraction for invoice: ../sample_invoices/cardif-lisbon/cardif-lisbon.pdf
2025-04-22 10:13:40,765 - INFO - Extracting text for 'IBAN' from the PDF.
2025-04-22 10:13:40,766 - INFO - Searching for 'IBAN' in PDF...
2025-04-22 10:13:40,780 - DEBUG - Found 1 instances of 'IBAN' on page 0.
2025-04-22 10:13:40,783 - DEBUG - Only one non-empty text found. Using it.
2025-04-22 10:13:40,783 - INFO - Extracting text for 'Swift:' from the PDF.
2025-04-22 10:13:40,783 - INFO - Searching for 'Swift:' in PDF...
2025-04-22 10:13:40,792 - DEBUG - Found 1 instances of 'Swift:' on page 0.
2025-04-22 10:13:40,792 - DEBUG - Only one non-empty text found. Using it.
2025-04-22 10:13:40,792 - INFO - Extracting text for 'Date:' from the PDF.
2025-04-22 10:13:40,792 - INFO - Searching for 'Date:' in PDF...
2025-04-22 10:13:40,811 - DEBUG - Found 3 instances of 'Date:' on page 0.
2025-04-22 10:13:40,814 - DEBUG - Only one non-empty text found. Using it.
2025-04-22 10:13:40,814 - INFO - Extracting text for 'Date Due' from the PDF.
2025-04-22 10:13:40,819 - INFO - Searching for 'Date Due' in PDF...
2025-04-22 10:13:40,826 - DEBUG - Found 1 instances of 'Date Due' on page 0.
2025-04-22 10:13:40,832 - DEBUG - Only one non-empty text found. Using it.
2025-04-22 10:13:40,834 - INFO - Extracting text for 'TIN' from the PDF.
2025-04-22 10:13:40,834 - INFO - Searching for 'TIN' in PDF...
2025-04-22 10:13:40,843 - DEBUG - Found 1 instances of 'TIN' on page 0.
2025-04-22 10:13:40,845 - DEBUG - Only one non-empty text found. Using it.
2025-04-22 10:13:40,845 - INFO - Extracting text for 'TOTAL:' from the PDF.
2025-04-22 10:13:40,847 - INFO - Searching for 'TOTAL:' in PDF...
2025-04-22 10:13:40,858 - DEBUG - Found 1 instances of 'TOTAL:' on page 0.
2025-04-22 10:13:40,858 - DEBUG - Only one non-empty text found. Using it.
2025-04-22 10:13:40,862 - INFO - Extracting text for 'Nr.' from the PDF.
2025-04-22 10:13:40,863 - INFO - Searching for 'Nr.' in PDF...
2025-04-22 10:13:40,864 - DEBUG - Found 2 instances of 'Nr.' on page 0.
2025-04-22 10:13:40,873 - DEBUG - Multiple non-empty texts found. Using the second one.
2025-04-22 10:13:40,873 - INFO - Extracting text for 'Cardif Support, Unipessoal LdaLisboa' from the PDF.
2025-04-22 10:13:40,881 - INFO - Extracting text for 'A attention du service comptableRue Montagne du Parc 8 boite 2BRUXELLES1000 ' from the PDF.
2025-04-22 10:13:40,893 - INFO - Extracting text for 'BNP PARIBASCARDIF' from the PDF.
2025-04-22 10:13:40,903 - INFO - Extracting text for 'CARDIF ASSURANCE VIE' from the PDF.
2025-04-22 10:13:40,907 - INFO - Extracted data saved to ../files/extract_key_value\cardif-lisbon.json.
2025-04-22 10:15:05,068 - INFO - Starting extraction for invoice: ../sample_invoices/cardif-lisbon/cardif-lisbon.pdf
2025-04-22 10:15:05,068 - INFO - Extracting text for 'IBAN' from the PDF.
2025-04-22 10:15:05,070 - INFO - Searching for 'IBAN' in PDF...
2025-04-22 10:15:05,084 - DEBUG - Found 1 instances of 'IBAN' on page 0.
2025-04-22 10:15:05,087 - DEBUG - Only one non-empty text found. Using it.
2025-04-22 10:15:05,088 - INFO - Extracting text for 'Swift:' from the PDF.
2025-04-22 10:15:05,090 - INFO - Searching for 'Swift:' in PDF...
2025-04-22 10:15:05,104 - DEBUG - Found 1 instances of 'Swift:' on page 0.
2025-04-22 10:15:05,108 - DEBUG - Only one non-empty text found. Using it.
2025-04-22 10:15:05,111 - INFO - Extracting text for 'Date:' from the PDF.
2025-04-22 10:15:05,112 - INFO - Searching for 'Date:' in PDF...
2025-04-22 10:15:05,126 - DEBUG - Found 3 instances of 'Date:' on page 0.
2025-04-22 10:15:05,133 - DEBUG - Only one non-empty text found. Using it.
2025-04-22 10:15:05,133 - INFO - Extracting text for 'Date Due' from the PDF.
2025-04-22 10:15:05,136 - INFO - Searching for 'Date Due' in PDF...
2025-04-22 10:15:05,148 - DEBUG - Found 1 instances of 'Date Due' on page 0.
2025-04-22 10:15:05,148 - DEBUG - Only one non-empty text found. Using it.
2025-04-22 10:15:05,151 - INFO - Extracting text for 'TIN' from the PDF.
2025-04-22 10:15:05,155 - INFO - Searching for 'TIN' in PDF...
2025-04-22 10:15:05,167 - DEBUG - Found 1 instances of 'TIN' on page 0.
2025-04-22 10:15:05,172 - DEBUG - Only one non-empty text found. Using it.
2025-04-22 10:15:05,172 - INFO - Extracting text for 'TOTAL:' from the PDF.
2025-04-22 10:15:05,174 - INFO - Searching for 'TOTAL:' in PDF...
2025-04-22 10:15:05,185 - DEBUG - Found 1 instances of 'TOTAL:' on page 0.
2025-04-22 10:15:05,189 - DEBUG - Only one non-empty text found. Using it.
2025-04-22 10:15:05,189 - INFO - Extracting text for 'Nr.' from the PDF.
2025-04-22 10:15:05,193 - INFO - Searching for 'Nr.' in PDF...
2025-04-22 10:15:05,202 - DEBUG - Found 2 instances of 'Nr.' on page 0.
2025-04-22 10:15:05,202 - DEBUG - Multiple non-empty texts found. Using the second one.
2025-04-22 10:15:05,209 - INFO - Extracting text for 'Cardif Support, Unipessoal LdaLisboa' from the PDF.
2025-04-22 10:15:05,220 - INFO - Extracting text for 'A attention du service comptableRue Montagne du Parc 8 boite 2BRUXELLES1000 ' from the PDF.
2025-04-22 10:15:05,230 - INFO - Extracting text for 'BNP PARIBASCARDIF' from the PDF.
2025-04-22 10:15:05,238 - INFO - Extracting text for 'CARDIF ASSURANCE VIE' from the PDF.
2025-04-22 10:15:05,253 - INFO - Extracted data saved to ../files/extract_key_value\cardif-lisbon.json.
2025-04-22 11:22:42,158 - INFO -  Listening to Redis queue: data-extraction-queue
2025-04-22 11:22:51,376 - INFO -  Received job from queue. Starting extraction...
2025-04-22 11:22:51,377 - INFO - Starting extraction for invoice: ../sample_invoices/cardif-lisbon/cardif-lisbon.pdf
2025-04-22 11:22:51,377 - INFO - Extracting text for 'IBAN' from the PDF.
2025-04-22 11:22:51,383 - INFO - Searching for 'IBAN' in PDF...
2025-04-22 11:22:51,400 - DEBUG - Found 1 instances of 'IBAN' on page 0.
2025-04-22 11:22:51,404 - DEBUG - Only one non-empty text found. Using it.
2025-04-22 11:22:51,408 - INFO - Extracting text for 'Swift:' from the PDF.
2025-04-22 11:22:51,410 - INFO - Searching for 'Swift:' in PDF...
2025-04-22 11:22:51,427 - DEBUG - Found 1 instances of 'Swift:' on page 0.
2025-04-22 11:22:51,430 - DEBUG - Only one non-empty text found. Using it.
2025-04-22 11:22:51,431 - INFO - Extracting text for 'Date:' from the PDF.
2025-04-22 11:22:51,433 - INFO - Searching for 'Date:' in PDF...
2025-04-22 11:22:51,444 - DEBUG - Found 3 instances of 'Date:' on page 0.
2025-04-22 11:22:51,451 - DEBUG - Only one non-empty text found. Using it.
2025-04-22 11:22:51,453 - INFO - Extracting text for 'Date Due' from the PDF.
2025-04-22 11:22:51,456 - INFO - Searching for 'Date Due' in PDF...
2025-04-22 11:22:51,468 - DEBUG - Found 1 instances of 'Date Due' on page 0.
2025-04-22 11:22:51,473 - DEBUG - Only one non-empty text found. Using it.
2025-04-22 11:22:51,475 - INFO - Extracting text for 'TIN' from the PDF.
2025-04-22 11:22:51,478 - INFO - Searching for 'TIN' in PDF...
2025-04-22 11:22:51,516 - DEBUG - Found 1 instances of 'TIN' on page 0.
2025-04-22 11:22:51,531 - DEBUG - Only one non-empty text found. Using it.
2025-04-22 11:22:51,550 - INFO - Extracting text for 'TOTAL:' from the PDF.
2025-04-22 11:22:51,552 - INFO - Searching for 'TOTAL:' in PDF...
2025-04-22 11:22:51,564 - DEBUG - Found 1 instances of 'TOTAL:' on page 0.
2025-04-22 11:22:51,580 - DEBUG - Only one non-empty text found. Using it.
2025-04-22 11:22:51,581 - INFO - Extracting text for 'Nr.' from the PDF.
2025-04-22 11:22:51,583 - INFO - Searching for 'Nr.' in PDF...
2025-04-22 11:22:51,593 - DEBUG - Found 2 instances of 'Nr.' on page 0.
2025-04-22 11:22:51,597 - DEBUG - Multiple non-empty texts found. Using the second one.
2025-04-22 11:22:51,598 - INFO - Extracting text for 'Cardif Support, Unipessoal LdaLisboa' from the PDF.
2025-04-22 11:22:51,609 - INFO - Extracting text for 'A attention du service comptableRue Montagne du Parc 8 boite 2BRUXELLES1000 ' from the PDF.
2025-04-22 11:22:51,622 - INFO - Extracting text for 'BNP PARIBASCARDIF' from the PDF.
2025-04-22 11:22:51,632 - INFO - Extracting text for 'CARDIF ASSURANCE VIE' from the PDF.
2025-04-22 11:22:51,647 - INFO - Extracted data saved to ../files/extract_key_value\cardif-lisbon.json.
2025-04-22 11:22:51,647 - ERROR -  Failed to process job: [WinError 32] The process cannot access the file because it is being used by another process: '../sample_invoices/cardif-lisbon/cardif-lisbon.pdf' -> '../files/processed\\cardif-lisbon.pdf'
2025-04-22 11:28:34,317 - INFO -  Received job from queue. Starting extraction...
2025-04-22 11:28:34,320 - INFO - Starting extraction for invoice: ../sample_invoices/cardif-lisbon/cardif-lisbon.pdf
2025-04-22 11:28:34,320 - INFO - Extracting text for 'IBAN' from the PDF.
2025-04-22 11:28:34,322 - INFO - Searching for 'IBAN' in PDF...
2025-04-22 11:28:34,334 - DEBUG - Found 1 instances of 'IBAN' on page 0.
2025-04-22 11:28:34,337 - DEBUG - Only one non-empty text found. Using it.
2025-04-22 11:28:34,338 - INFO - Extracting text for 'Swift:' from the PDF.
2025-04-22 11:28:34,340 - INFO - Searching for 'Swift:' in PDF...
2025-04-22 11:28:34,351 - DEBUG - Found 1 instances of 'Swift:' on page 0.
2025-04-22 11:28:34,353 - DEBUG - Only one non-empty text found. Using it.
2025-04-22 11:28:34,355 - INFO - Extracting text for 'Date:' from the PDF.
2025-04-22 11:28:34,356 - INFO - Searching for 'Date:' in PDF...
2025-04-22 11:28:34,369 - DEBUG - Found 3 instances of 'Date:' on page 0.
2025-04-22 11:28:34,374 - DEBUG - Only one non-empty text found. Using it.
2025-04-22 11:28:34,375 - INFO - Extracting text for 'Date Due' from the PDF.
2025-04-22 11:28:34,376 - INFO - Searching for 'Date Due' in PDF...
2025-04-22 11:28:34,389 - DEBUG - Found 1 instances of 'Date Due' on page 0.
2025-04-22 11:28:34,391 - DEBUG - Only one non-empty text found. Using it.
2025-04-22 11:28:34,391 - INFO - Extracting text for 'TIN' from the PDF.
2025-04-22 11:28:34,393 - INFO - Searching for 'TIN' in PDF...
2025-04-22 11:28:34,404 - DEBUG - Found 1 instances of 'TIN' on page 0.
2025-04-22 11:28:34,408 - DEBUG - Only one non-empty text found. Using it.
2025-04-22 11:28:34,409 - INFO - Extracting text for 'TOTAL:' from the PDF.
2025-04-22 11:28:34,410 - INFO - Searching for 'TOTAL:' in PDF...
2025-04-22 11:28:34,419 - DEBUG - Found 1 instances of 'TOTAL:' on page 0.
2025-04-22 11:28:34,421 - DEBUG - Only one non-empty text found. Using it.
2025-04-22 11:28:34,422 - INFO - Extracting text for 'Nr.' from the PDF.
2025-04-22 11:28:34,424 - INFO - Searching for 'Nr.' in PDF...
2025-04-22 11:28:34,434 - DEBUG - Found 2 instances of 'Nr.' on page 0.
2025-04-22 11:28:34,440 - DEBUG - Multiple non-empty texts found. Using the second one.
2025-04-22 11:28:34,440 - INFO - Extracting text for 'Cardif Support, Unipessoal LdaLisboa' from the PDF.
2025-04-22 11:28:34,450 - INFO - Extracting text for 'A attention du service comptableRue Montagne du Parc 8 boite 2BRUXELLES1000 ' from the PDF.
2025-04-22 11:28:34,461 - INFO - Extracting text for 'BNP PARIBASCARDIF' from the PDF.
2025-04-22 11:28:34,470 - INFO - Extracting text for 'CARDIF ASSURANCE VIE' from the PDF.
2025-04-22 11:28:34,480 - INFO - Extracted data saved to ../files/extract_key_value\cardif-lisbon.json.
2025-04-22 11:28:34,480 - ERROR -  Failed to process job: [WinError 32] The process cannot access the file because it is being used by another process: '../sample_invoices/cardif-lisbon/cardif-lisbon.pdf' -> '../files/processed\\cardif-lisbon.pdf'
2025-04-22 11:29:25,402 - INFO -  Listening to Redis queue: data-extraction-queue
2025-04-22 11:29:29,288 - INFO -  Received job from queue. Starting extraction...
2025-04-22 11:29:29,288 - INFO - Starting extraction for invoice: ../sample_invoices/cardif-lisbon/cardif-lisbon.pdf
2025-04-22 11:29:29,288 - INFO - Extracting text for 'IBAN' from the PDF.
2025-04-22 11:29:29,288 - INFO - Searching for 'IBAN' in PDF...
2025-04-22 11:29:29,305 - DEBUG - Found 1 instances of 'IBAN' on page 0.
2025-04-22 11:29:29,308 - DEBUG - Only one non-empty text found. Using it.
2025-04-22 11:29:29,310 - INFO - Extracting text for 'Swift:' from the PDF.
2025-04-22 11:29:29,311 - INFO - Searching for 'Swift:' in PDF...
2025-04-22 11:29:29,320 - DEBUG - Found 1 instances of 'Swift:' on page 0.
2025-04-22 11:29:29,320 - DEBUG - Only one non-empty text found. Using it.
2025-04-22 11:29:29,320 - INFO - Extracting text for 'Date:' from the PDF.
2025-04-22 11:29:29,320 - INFO - Searching for 'Date:' in PDF...
2025-04-22 11:29:29,331 - DEBUG - Found 3 instances of 'Date:' on page 0.
2025-04-22 11:29:29,336 - DEBUG - Only one non-empty text found. Using it.
2025-04-22 11:29:29,337 - INFO - Extracting text for 'Date Due' from the PDF.
2025-04-22 11:29:29,337 - INFO - Searching for 'Date Due' in PDF...
2025-04-22 11:29:29,348 - DEBUG - Found 1 instances of 'Date Due' on page 0.
2025-04-22 11:29:29,350 - DEBUG - Only one non-empty text found. Using it.
2025-04-22 11:29:29,350 - INFO - Extracting text for 'TIN' from the PDF.
2025-04-22 11:29:29,351 - INFO - Searching for 'TIN' in PDF...
2025-04-22 11:29:29,361 - DEBUG - Found 1 instances of 'TIN' on page 0.
2025-04-22 11:29:29,363 - DEBUG - Only one non-empty text found. Using it.
2025-04-22 11:29:29,364 - INFO - Extracting text for 'TOTAL:' from the PDF.
2025-04-22 11:29:29,365 - INFO - Searching for 'TOTAL:' in PDF...
2025-04-22 11:29:29,372 - DEBUG - Found 1 instances of 'TOTAL:' on page 0.
2025-04-22 11:29:29,376 - DEBUG - Only one non-empty text found. Using it.
2025-04-22 11:29:29,376 - INFO - Extracting text for 'Nr.' from the PDF.
2025-04-22 11:29:29,378 - INFO - Searching for 'Nr.' in PDF...
2025-04-22 11:29:29,389 - DEBUG - Found 2 instances of 'Nr.' on page 0.
2025-04-22 11:29:29,393 - DEBUG - Multiple non-empty texts found. Using the second one.
2025-04-22 11:29:29,395 - INFO - Extracting text for 'Cardif Support, Unipessoal LdaLisboa' from the PDF.
2025-04-22 11:29:29,406 - INFO - Extracting text for 'A attention du service comptableRue Montagne du Parc 8 boite 2BRUXELLES1000 ' from the PDF.
2025-04-22 11:29:29,416 - INFO - Extracting text for 'BNP PARIBASCARDIF' from the PDF.
2025-04-22 11:29:29,426 - INFO - Extracting text for 'CARDIF ASSURANCE VIE' from the PDF.
2025-04-22 11:29:29,437 - INFO - Extracted data saved to ../files/extract_key_value\cardif-lisbon.json.
2025-04-22 11:29:29,545 - INFO - Processed file moved to ../files/processed\cardif-lisbon.pdf.
2025-04-22 13:12:28,174 - INFO -  Received job from queue. Starting extraction...
2025-04-22 13:12:28,182 - INFO - Starting extraction for invoice: ../sample_invoices/cardif-lisbon/cardif-lisbon.pdf
2025-04-22 13:12:28,182 - INFO - Extracting text for 'IBAN' from the PDF.
2025-04-22 13:12:28,182 - INFO - Searching for 'IBAN' in PDF...
2025-04-22 13:12:28,223 - DEBUG - Found 1 instances of 'IBAN' on page 0.
2025-04-22 13:12:28,228 - DEBUG - Only one non-empty text found. Using it.
2025-04-22 13:12:28,230 - INFO - Extracting text for 'Swift:' from the PDF.
2025-04-22 13:12:28,232 - INFO - Searching for 'Swift:' in PDF...
2025-04-22 13:12:28,241 - DEBUG - Found 1 instances of 'Swift:' on page 0.
2025-04-22 13:12:28,244 - DEBUG - Only one non-empty text found. Using it.
2025-04-22 13:12:28,245 - INFO - Extracting text for 'Date:' from the PDF.
2025-04-22 13:12:28,246 - INFO - Searching for 'Date:' in PDF...
2025-04-22 13:12:28,254 - DEBUG - Found 3 instances of 'Date:' on page 0.
2025-04-22 13:12:28,260 - DEBUG - Only one non-empty text found. Using it.
2025-04-22 13:12:28,261 - INFO - Extracting text for 'Date Due' from the PDF.
2025-04-22 13:12:28,261 - INFO - Searching for 'Date Due' in PDF...
2025-04-22 13:12:28,270 - DEBUG - Found 1 instances of 'Date Due' on page 0.
2025-04-22 13:12:28,272 - DEBUG - Only one non-empty text found. Using it.
2025-04-22 13:12:28,273 - INFO - Extracting text for 'TIN' from the PDF.
2025-04-22 13:12:28,274 - INFO - Searching for 'TIN' in PDF...
2025-04-22 13:12:28,282 - DEBUG - Found 1 instances of 'TIN' on page 0.
2025-04-22 13:12:28,286 - DEBUG - Only one non-empty text found. Using it.
2025-04-22 13:12:28,287 - INFO - Extracting text for 'TOTAL:' from the PDF.
2025-04-22 13:12:28,288 - INFO - Searching for 'TOTAL:' in PDF...
2025-04-22 13:12:28,300 - DEBUG - Found 1 instances of 'TOTAL:' on page 0.
2025-04-22 13:12:28,304 - DEBUG - Only one non-empty text found. Using it.
2025-04-22 13:12:28,304 - INFO - Extracting text for 'Nr.' from the PDF.
2025-04-22 13:12:28,305 - INFO - Searching for 'Nr.' in PDF...
2025-04-22 13:12:28,316 - DEBUG - Found 2 instances of 'Nr.' on page 0.
2025-04-22 13:12:28,321 - DEBUG - Multiple non-empty texts found. Using the second one.
2025-04-22 13:12:28,322 - INFO - Extracting text for 'Cardif Support, Unipessoal LdaLisboa' from the PDF.
2025-04-22 13:12:28,333 - INFO - Extracting text for 'A attention du service comptableRue Montagne du Parc 8 boite 2BRUXELLES1000 ' from the PDF.
2025-04-22 13:12:28,342 - INFO - Extracting text for 'BNP PARIBASCARDIF' from the PDF.
2025-04-22 13:12:28,351 - INFO - Extracting text for 'CARDIF ASSURANCE VIE' from the PDF.
2025-04-22 13:12:28,364 - INFO - Extracted data saved to ../files/extract_key_value\cardif-lisbon.json.
2025-04-22 13:12:28,478 - INFO - Processed file moved to ../files/processed\cardif-lisbon.pdf.
2025-04-23 12:04:36,164 - INFO -  Listening to Redis queue: data-extraction-queue
2025-04-23 12:05:18,222 - INFO -  Received job from queue. Starting extraction...
2025-04-23 12:05:18,226 - INFO - Starting extraction for invoice: ../sample_invoices/unit4/unit.pdf
2025-04-23 12:05:18,226 - INFO - Extracting text for 'IBAN' from the PDF.
2025-04-23 12:05:18,226 - INFO - Searching for 'IBAN' in PDF...
2025-04-23 12:05:18,241 - DEBUG - Found 1 instances of 'IBAN' on page 0.
2025-04-23 12:05:18,245 - DEBUG - Only one non-empty text found. Using it.
2025-04-23 12:05:18,249 - INFO - Extracting text for 'Swift' from the PDF.
2025-04-23 12:05:18,250 - INFO - Searching for 'Swift' in PDF...
2025-04-23 12:05:18,258 - DEBUG - Found 1 instances of 'Swift' on page 0.
2025-04-23 12:05:18,260 - DEBUG - Only one non-empty text found. Using it.
2025-04-23 12:05:18,262 - INFO - Extracting text for 'Factuurdatum' from the PDF.
2025-04-23 12:05:18,262 - INFO - Searching for 'Factuurdatum' in PDF...
2025-04-23 12:05:18,268 - DEBUG - Found 1 instances of 'Factuurdatum' on page 0.
2025-04-23 12:05:18,271 - DEBUG - Only one non-empty text found. Using it.
2025-04-23 12:05:18,273 - INFO - Extracting text for 'Vervaldatum' from the PDF.
2025-04-23 12:05:18,275 - INFO - Searching for 'Vervaldatum' in PDF...
2025-04-23 12:05:18,283 - DEBUG - Found 1 instances of 'Vervaldatum' on page 0.
2025-04-23 12:05:18,286 - DEBUG - Only one non-empty text found. Using it.
2025-04-23 12:05:18,287 - INFO - Extracting text for 'Uw BTW nr' from the PDF.
2025-04-23 12:05:18,287 - INFO - Searching for 'Uw BTW nr' in PDF...
2025-04-23 12:05:18,295 - DEBUG - Found 1 instances of 'Uw BTW nr' on page 0.
2025-04-23 12:05:18,299 - DEBUG - Only one non-empty text found. Using it.
2025-04-23 12:05:18,299 - INFO - Extracting text for 'Totaal incl. BTW' from the PDF.
2025-04-23 12:05:18,299 - INFO - Searching for 'Totaal incl. BTW' in PDF...
2025-04-23 12:05:18,308 - DEBUG - Found 1 instances of 'Totaal incl. BTW' on page 0.
2025-04-23 12:05:18,309 - DEBUG - Only one non-empty text found. Using it.
2025-04-23 12:05:18,310 - INFO - Extracting text for 'Factuurnummer' from the PDF.
2025-04-23 12:05:18,310 - INFO - Searching for 'Factuurnummer' in PDF...
2025-04-23 12:05:18,317 - DEBUG - Found 1 instances of 'Factuurnummer' on page 0.
2025-04-23 12:05:18,319 - DEBUG - Only one non-empty text found. Using it.
2025-04-23 12:05:18,319 - INFO - Extracting text for 'Uitbreidingstraat 60-622600 BERCHEM - ANTWERPENBelgium' from the PDF.
2025-04-23 12:05:18,325 - INFO - Extracting text for 'Chaussée de Mons' from the PDF.
2025-04-23 12:05:18,333 - INFO - Extracting text for 'Unit4 Business Software N.V.' from the PDF.
2025-04-23 12:05:18,344 - INFO - Extracting text for 'Cardif Association de frais ' from the PDF.
2025-04-23 12:05:18,356 - INFO - Extracted data saved to ../files/extract_key_value\unit.json.
2025-04-23 12:05:18,472 - INFO - Processed file moved to ../files/processed\unit.pdf.
2025-04-23 16:12:22,563 - INFO -  Received job from queue. Starting extraction...
2025-04-23 16:12:22,578 - INFO - Starting extraction for invoice: ../sample_invoices/unit4/unit_1.pdf
2025-04-23 16:12:22,578 - INFO - Extracting text for 'IBAN' from the PDF.
2025-04-23 16:12:22,580 - INFO - Searching for 'IBAN' in PDF...
2025-04-23 16:12:22,631 - DEBUG - Found 1 instances of 'IBAN' on page 0.
2025-04-23 16:12:22,636 - DEBUG - Only one non-empty text found. Using it.
2025-04-23 16:12:22,640 - INFO - Extracting text for 'Swift' from the PDF.
2025-04-23 16:12:22,641 - INFO - Searching for 'Swift' in PDF...
2025-04-23 16:12:22,657 - DEBUG - Found 1 instances of 'Swift' on page 0.
2025-04-23 16:12:22,661 - DEBUG - Only one non-empty text found. Using it.
2025-04-23 16:12:22,662 - INFO - Extracting text for 'Factuurdatum' from the PDF.
2025-04-23 16:12:22,664 - INFO - Searching for 'Factuurdatum' in PDF...
2025-04-23 16:12:22,678 - DEBUG - Found 1 instances of 'Factuurdatum' on page 0.
2025-04-23 16:12:22,680 - DEBUG - Only one non-empty text found. Using it.
2025-04-23 16:12:22,680 - INFO - Extracting text for 'Vervaldatum' from the PDF.
2025-04-23 16:12:22,680 - INFO - Searching for 'Vervaldatum' in PDF...
2025-04-23 16:12:22,694 - DEBUG - Found 1 instances of 'Vervaldatum' on page 0.
2025-04-23 16:12:22,695 - DEBUG - Only one non-empty text found. Using it.
2025-04-23 16:12:22,695 - INFO - Extracting text for 'Uw BTW nr' from the PDF.
2025-04-23 16:12:22,695 - INFO - Searching for 'Uw BTW nr' in PDF...
2025-04-23 16:12:22,706 - DEBUG - Found 1 instances of 'Uw BTW nr' on page 0.
2025-04-23 16:12:22,709 - DEBUG - Only one non-empty text found. Using it.
2025-04-23 16:12:22,712 - INFO - Extracting text for 'Totaal incl. BTW' from the PDF.
2025-04-23 16:12:22,713 - INFO - Searching for 'Totaal incl. BTW' in PDF...
2025-04-23 16:12:22,719 - DEBUG - Found 1 instances of 'Totaal incl. BTW' on page 0.
2025-04-23 16:12:22,726 - DEBUG - Only one non-empty text found. Using it.
2025-04-23 16:12:22,726 - INFO - Extracting text for 'Factuurnummer' from the PDF.
2025-04-23 16:12:22,726 - INFO - Searching for 'Factuurnummer' in PDF...
2025-04-23 16:12:22,735 - DEBUG - Found 1 instances of 'Factuurnummer' on page 0.
2025-04-23 16:12:22,737 - DEBUG - Only one non-empty text found. Using it.
2025-04-23 16:12:22,739 - INFO - Extracting text for 'Uitbreidingstraat 60-622600 BERCHEM - ANTWERPENBelgium' from the PDF.
2025-04-23 16:12:22,747 - INFO - Extracting text for 'Chaussée de Mons' from the PDF.
2025-04-23 16:12:22,754 - INFO - Extracting text for 'Unit4 Business Software N.V.' from the PDF.
2025-04-23 16:12:22,765 - INFO - Extracting text for 'Cardif Association de frais ' from the PDF.
2025-04-23 16:12:22,777 - INFO - Extracted data saved to ../files/extract_key_value\unit_1.json.
2025-04-23 16:12:22,881 - INFO - Processed file moved to ../files/processed\unit_1.pdf.
2025-04-23 18:38:34,533 - INFO -  Received job from queue. Starting extraction...
2025-04-23 18:38:34,535 - INFO - Starting extraction for invoice: ../sample_invoices/cardif-lisbon/cardif-lisbon.pdf
2025-04-23 18:38:34,536 - INFO - Extracting text for 'Date:' from the PDF.
2025-04-23 18:38:34,537 - INFO - Searching for 'Date:' in PDF...
2025-04-23 18:38:34,559 - DEBUG - Found 3 instances of 'Date:' on page 0.
2025-04-23 18:38:34,573 - DEBUG - Only one non-empty text found. Using it.
2025-04-23 18:38:34,577 - INFO - Extracting text for 'IBAN:' from the PDF.
2025-04-23 18:38:34,578 - INFO - Searching for 'IBAN:' in PDF...
2025-04-23 18:38:34,591 - DEBUG - Found 1 instances of 'IBAN:' on page 0.
2025-04-23 18:38:34,594 - DEBUG - Only one non-empty text found. Using it.
2025-04-23 18:38:34,595 - INFO - Extracting text for 'Nr.' from the PDF.
2025-04-23 18:38:34,596 - INFO - Searching for 'Nr.' in PDF...
2025-04-23 18:38:34,603 - DEBUG - Found 2 instances of 'Nr.' on page 0.
2025-04-23 18:38:34,612 - DEBUG - Multiple non-empty texts found. Using the second one.
2025-04-23 18:38:34,614 - INFO - Extracted data saved to ../files/extract_key_value\cardif-lisbon.json.
2025-04-23 18:38:34,728 - INFO - Processed file moved to ../files/processed\cardif-lisbon.pdf.
2025-04-23 18:42:59,902 - INFO -  Received job from queue. Starting extraction...
2025-04-23 18:42:59,903 - INFO - Starting extraction for invoice: ../sample_invoices/cardif-lisbon/cardif-lisbon.pdf
2025-04-23 18:42:59,904 - INFO - Extracting text for 'Date:' from the PDF.
2025-04-23 18:42:59,904 - INFO - Searching for 'Date:' in PDF...
2025-04-23 18:42:59,929 - DEBUG - Found 3 instances of 'Date:' on page 0.
2025-04-23 18:42:59,942 - DEBUG - Only one non-empty text found. Using it.
2025-04-23 18:42:59,943 - INFO - Extracting text for 'IBAN:' from the PDF.
2025-04-23 18:42:59,945 - INFO - Searching for 'IBAN:' in PDF...
2025-04-23 18:42:59,965 - DEBUG - Found 1 instances of 'IBAN:' on page 0.
2025-04-23 18:42:59,972 - DEBUG - Only one non-empty text found. Using it.
2025-04-23 18:42:59,973 - INFO - Extracting text for 'Nr.' from the PDF.
2025-04-23 18:42:59,973 - INFO - Searching for 'Nr.' in PDF...
2025-04-23 18:42:59,992 - DEBUG - Found 2 instances of 'Nr.' on page 0.
2025-04-23 18:42:59,998 - DEBUG - Multiple non-empty texts found. Using the second one.
2025-04-23 18:43:00,003 - INFO - Extracted data saved to ../files/extract_key_value\cardif-lisbon.json.
2025-04-23 18:43:00,115 - INFO - Processed file moved to ../files/processed\cardif-lisbon.pdf.
